<?xml version="1.0" encoding="UTF-8"?>
<!-- Generated by org.testng.reporters.JUnitXMLReporter -->
<testsuite ignored="9" hostname="DESKTOP-7R9NI5G" failures="0" tests="1" name="Default test" time="99.417" errors="0" timestamp="2023-10-30T09:08:46 IST">
  <testcase classname="lauditor.test.pages.CreateInvoiceTest" name="CreateInvoiceWithoutDiscountTypeTaxTypeCancel" time="92.487"/>
  <testcase classname="lauditor.test.pages.CreateInvoiceTest" name="CreateInvoiceWithoutDiscountTypeTaxType" time="0.0">
    <ignored/>
  </testcase> <!-- CreateInvoiceWithoutDiscountTypeTaxType -->
  <testcase classname="lauditor.test.pages.CreateInvoiceTest" name="CreateInvoiceWithoutTaxType" time="0.0">
    <ignored/>
  </testcase> <!-- CreateInvoiceWithoutTaxType -->
  <testcase classname="lauditor.test.pages.CreateInvoiceTest" name="CreateInvoiceWithoutTaxTypePercentage" time="0.0">
    <ignored/>
  </testcase> <!-- CreateInvoiceWithoutTaxTypePercentage -->
  <testcase classname="lauditor.test.pages.CreateInvoiceTest" name="CreateInvoiceWithoutDiscoutPercentageCancel" time="0.0">
    <ignored/>
  </testcase> <!-- CreateInvoiceWithoutDiscoutPercentageCancel -->
  <testcase classname="lauditor.test.pages.CreateInvoiceTest" name="CreateInvoiceWithoutDiscoutPercentage" time="0.0">
    <ignored/>
  </testcase> <!-- CreateInvoiceWithoutDiscoutPercentage -->
  <testcase classname="lauditor.test.pages.CreateInvoiceTest" name="CreateInvoiceWithoutDiscountFieldEditCancel" time="0.0">
    <ignored/>
  </testcase> <!-- CreateInvoiceWithoutDiscountFieldEditCancel -->
  <testcase classname="lauditor.test.pages.CreateInvoiceTest" name="CreateInvoiceWithoutDiscTypeCancel" time="0.0">
    <ignored/>
  </testcase> <!-- CreateInvoiceWithoutDiscTypeCancel -->
  <testcase classname="lauditor.test.pages.CreateInvoiceTest" name="CreateInvoiceWithoutDiscountFieldEdit" time="0.0">
    <ignored/>
  </testcase> <!-- CreateInvoiceWithoutDiscountFieldEdit -->
  <testcase classname="lauditor.test.pages.CreateInvoiceTest" name="CreateInvoiceWithoutNotes" time="0.0">
    <ignored/>
  </testcase> <!-- CreateInvoiceWithoutNotes -->
</testsuite> <!-- Default test -->
