<?xml version="1.0" encoding="UTF-8"?>
<!-- Generated by org.testng.reporters.JUnitReportReporter -->
<testsuite hostname="ANANTH" failures="0" tests="1" name="lauditor.test.pages.CreateCalendarGMEventTest" time="74.185" errors="0" timestamp="2023-08-22T20:49:15 IST" skipped="0">
  <testcase classname="lauditor.test.pages.CreateCalendarGMEventTest" name="Calendar_GMManFields_MeetingLink_DialupNumber_Location_AddIndividual" time="74.185"/>
  <system-out/>
</testsuite> <!-- lauditor.test.pages.CreateCalendarGMEventTest -->
