<?xml version="1.0" encoding="UTF-8"?>
<!-- Generated by org.testng.reporters.JUnitReportReporter -->
<testsuite hostname="ANANTH" failures="0" tests="1" name="lauditor.test.pages.DocumentUploadFirmTest" time="101.955" errors="0" timestamp="2023-07-29T19:01:56 IST" skipped="0">
  <testcase classname="lauditor.test.pages.DocumentUploadFirmTest" name="DocumentUploadEditAllFieldsDisableDownloadSelectAllTagsUploadMore" time="101.955"/>
  <system-out/>
</testsuite> <!-- lauditor.test.pages.DocumentUploadFirmTest -->
