<?xml version="1.0" encoding="UTF-8"?>
<!-- Generated by org.testng.reporters.JUnitReportReporter -->
<testsuite hostname="ANANTH" failures="0" tests="1" name="lauditor.test.pages.DocumentUploadFirmTest" time="108.398" errors="0" timestamp="2023-07-28T20:48:38 IST" skipped="0">
  <testcase classname="lauditor.test.pages.DocumentUploadFirmTest" name="DocumentUploadEditDocumentNameandExpiryDateDisableDownloadSelectAllTagsUploadMore" time="108.398"/>
  <system-out/>
</testsuite> <!-- lauditor.test.pages.DocumentUploadFirmTest -->
