<?xml version="1.0" encoding="UTF-8"?>
<!-- Generated by org.testng.reporters.JUnitReportReporter -->
<testsuite hostname="ANANTH" failures="0" tests="1" name="lauditor.test.pages.CreateCalendarGMEventTest" time="67.960" errors="0" timestamp="2023-08-25T10:49:21 IST" skipped="0">
  <testcase classname="lauditor.test.pages.CreateCalendarGMEventTest" name="Calendar_GMManFields_AllDay_MeetingLink_DialupNumber_Location_MeetingAgenda" time="67.960"/>
  <system-out/>
</testsuite> <!-- lauditor.test.pages.CreateCalendarGMEventTest -->
