<?xml version="1.0" encoding="UTF-8"?>
<!-- Generated by org.testng.reporters.JUnitReportReporter -->
<testsuite hostname="ANANTH" failures="0" tests="1" name="lauditor.test.pages.CalendarGeneralEventTest" time="72.710" errors="0" timestamp="2023-08-16T09:47:02 IST" skipped="0">
  <testcase classname="lauditor.test.pages.CalendarGeneralEventTest" name="CGMEventCreation_Task_Consultation_Repet_Weekly" time="72.710"/>
  <system-out/>
</testsuite> <!-- lauditor.test.pages.CalendarGeneralEventTest -->
